Info: Starting: Create block symbol file (.bsf)
Info: ip-generate --project-directory=/home/student/Desktop/IL2202_Project/quartus/H4_/ --output-directory=/home/student/Desktop/IL2202_Project/quartus/H4_/nios_system/ --report-file=bsf:/home/student/Desktop/IL2202_Project/quartus/H4_/nios_system.bsf --system-info=DEVICE_FAMILY="Cyclone IV E" --system-info=DEVICE=EP4CE115F29C7 --system-info=DEVICE_SPEEDGRADE=7 --component-file=/home/student/Desktop/IL2202_Project/quartus/H4_/nios_system.qsys
Progress: Loading H4_/nios_system.qsys
Progress: Reading input file
Progress: Adding jtag_uart_0 [altera_avalon_jtag_uart 13.0.1.99.2]
Progress: Parameterizing module jtag_uart_0
Progress: Adding ht19_Samikwa_Yaacoub [altera_avalon_sysid_qsys 13.0]
Progress: Parameterizing module ht19_Samikwa_Yaacoub
Progress: Adding onchip_0 [altera_avalon_onchip_memory2 13.0.1.99.2]
Progress: Parameterizing module onchip_0
Progress: Adding sram [altera_up_avalon_sram 13.0]
Progress: Parameterizing module sram
Progress: Adding sdram [altera_avalon_new_sdram_controller 13.0.1.99.2]
Progress: Parameterizing module sdram
Progress: Adding timer_0_A [altera_avalon_timer 13.0.1.99.2]
Progress: Parameterizing module timer_0_A
Progress: Adding timer_0_B [altera_avalon_timer 13.0.1.99.2]
Progress: Parameterizing module timer_0_B
Progress: Adding p_counter [altera_avalon_performance_counter 13.0.1.99.2]
Progress: Parameterizing module p_counter
Progress: Adding de2_pio_toggles18 [altera_avalon_pio 13.0.1.99.2]
Progress: Parameterizing module de2_pio_toggles18
Progress: Adding de2_pio_keys4 [altera_avalon_pio 13.0.1.99.2]
Progress: Parameterizing module de2_pio_keys4
Progress: Adding de2_pio_redled18 [altera_avalon_pio 13.0.1.99.2]
Progress: Parameterizing module de2_pio_redled18
Progress: Adding de2_pio_greenled9 [altera_avalon_pio 13.0.1.99.2]
Progress: Parameterizing module de2_pio_greenled9
Progress: Adding de2_pio_hex_high28 [altera_avalon_pio 13.0.1.99.2]
Progress: Parameterizing module de2_pio_hex_high28
Progress: Adding de2_pio_hex_low28 [altera_avalon_pio 13.0.1.99.2]
Progress: Parameterizing module de2_pio_hex_low28
Progress: Adding cpu_1 [altera_nios2_qsys 13.0]
Progress: Parameterizing module cpu_1
Progress: Adding cpu_2 [altera_nios2_qsys 13.0]
Progress: Parameterizing module cpu_2
Progress: Adding cpu_3 [altera_nios2_qsys 13.0]
Progress: Parameterizing module cpu_3
Progress: Adding cpu_0 [altera_nios2_qsys 13.0]
Progress: Parameterizing module cpu_0
Progress: Adding onchip_1 [altera_avalon_onchip_memory2 13.0.1.99.2]
Progress: Parameterizing module onchip_1
Progress: Adding onchip_2 [altera_avalon_onchip_memory2 13.0.1.99.2]
Progress: Parameterizing module onchip_2
Progress: Adding onchip_3 [altera_avalon_onchip_memory2 13.0.1.99.2]
Progress: Parameterizing module onchip_3
Progress: Adding timer_1 [altera_avalon_timer 13.0.1.99.2]
Progress: Parameterizing module timer_1
Progress: Adding timer_3 [altera_avalon_timer 13.0.1.99.2]
Progress: Parameterizing module timer_3
Progress: Adding timer_2 [altera_avalon_timer 13.0.1.99.2]
Progress: Parameterizing module timer_2
Progress: Adding jtag_uart_1 [altera_avalon_jtag_uart 13.0.1.99.2]
Progress: Parameterizing module jtag_uart_1
Progress: Adding jtag_uart_2 [altera_avalon_jtag_uart 13.0.1.99.2]
Progress: Parameterizing module jtag_uart_2
Progress: Adding jtag_uart_3 [altera_avalon_jtag_uart 13.0.1.99.2]
Progress: Parameterizing module jtag_uart_3
Progress: Adding clocks [altera_up_clocks 13.0]
Progress: Parameterizing module clocks
Progress: Adding nios_custom_instr_floating_point_0 [altera_nios_custom_instr_floating_point 13.0]
Progress: Parameterizing module nios_custom_instr_floating_point_0
Progress: Adding nios_custom_instr_floating_point_1 [altera_nios_custom_instr_floating_point 13.0]
Progress: Parameterizing module nios_custom_instr_floating_point_1
Progress: Adding nios_custom_instr_floating_point_2 [altera_nios_custom_instr_floating_point 13.0]
Progress: Parameterizing module nios_custom_instr_floating_point_2
Progress: Adding nios_custom_instr_floating_point_3 [altera_nios_custom_instr_floating_point 13.0]
Progress: Parameterizing module nios_custom_instr_floating_point_3
Progress: Building connections
Progress: Parameterizing connections
Progress: Validating
Progress: Done reading input file
Info: nios_system.ht19_Samikwa_Yaacoub: System ID is not assigned automatically. Edit the System ID parameter to provide a unique ID
Info: nios_system.ht19_Samikwa_Yaacoub: Time stamp will be automatically updated when this component is generated.
Info: nios_system.de2_pio_toggles18: PIO inputs are not hardwired in test bench. Undefined values will be read from PIO inputs during simulation.
Info: nios_system.de2_pio_keys4: PIO inputs are not hardwired in test bench. Undefined values will be read from PIO inputs during simulation.
Warning: nios_system.cpu_1: The address range of the slaves connected to the Nios II instruction masters exceeds 28 bits. Attempts to call functions across 28-bit boundaries is not supported by GCC and will result in linker errors.
Info: ip-generate succeeded.
Info: Finished: Create block symbol file (.bsf)
Info: 
Info: Starting: Create HDL design files for synthesis
Info: ip-generate --project-directory=/home/student/Desktop/IL2202_Project/quartus/H4_/ --output-directory=/home/student/Desktop/IL2202_Project/quartus/H4_/nios_system/synthesis/ --file-set=QUARTUS_SYNTH --report-file=sopcinfo:/home/student/Desktop/IL2202_Project/quartus/H4_/nios_system.sopcinfo --report-file=html:/home/student/Desktop/IL2202_Project/quartus/H4_/nios_system.html --report-file=qip:/home/student/Desktop/IL2202_Project/quartus/H4_/nios_system/synthesis/nios_system.qip --report-file=cmp:/home/student/Desktop/IL2202_Project/quartus/H4_/nios_system.cmp --report-file=svd --system-info=DEVICE_FAMILY="Cyclone IV E" --system-info=DEVICE=EP4CE115F29C7 --system-info=DEVICE_SPEEDGRADE=7 --component-file=/home/student/Desktop/IL2202_Project/quartus/H4_/nios_system.qsys --language=VHDL
Progress: Loading H4_/nios_system.qsys
Progress: Reading input file
Progress: Adding jtag_uart_0 [altera_avalon_jtag_uart 13.0.1.99.2]
Progress: Parameterizing module jtag_uart_0
Progress: Adding ht19_Samikwa_Yaacoub [altera_avalon_sysid_qsys 13.0]
Progress: Parameterizing module ht19_Samikwa_Yaacoub
Progress: Adding onchip_0 [altera_avalon_onchip_memory2 13.0.1.99.2]
Progress: Parameterizing module onchip_0
Progress: Adding sram [altera_up_avalon_sram 13.0]
Progress: Parameterizing module sram
Progress: Adding sdram [altera_avalon_new_sdram_controller 13.0.1.99.2]
Progress: Parameterizing module sdram
Progress: Adding timer_0_A [altera_avalon_timer 13.0.1.99.2]
Progress: Parameterizing module timer_0_A
Progress: Adding timer_0_B [altera_avalon_timer 13.0.1.99.2]
Progress: Parameterizing module timer_0_B
Progress: Adding p_counter [altera_avalon_performance_counter 13.0.1.99.2]
Progress: Parameterizing module p_counter
Progress: Adding de2_pio_toggles18 [altera_avalon_pio 13.0.1.99.2]
Progress: Parameterizing module de2_pio_toggles18
Progress: Adding de2_pio_keys4 [altera_avalon_pio 13.0.1.99.2]
Progress: Parameterizing module de2_pio_keys4
Progress: Adding de2_pio_redled18 [altera_avalon_pio 13.0.1.99.2]
Progress: Parameterizing module de2_pio_redled18
Progress: Adding de2_pio_greenled9 [altera_avalon_pio 13.0.1.99.2]
Progress: Parameterizing module de2_pio_greenled9
Progress: Adding de2_pio_hex_high28 [altera_avalon_pio 13.0.1.99.2]
Progress: Parameterizing module de2_pio_hex_high28
Progress: Adding de2_pio_hex_low28 [altera_avalon_pio 13.0.1.99.2]
Progress: Parameterizing module de2_pio_hex_low28
Progress: Adding cpu_1 [altera_nios2_qsys 13.0]
Progress: Parameterizing module cpu_1
Progress: Adding cpu_2 [altera_nios2_qsys 13.0]
Progress: Parameterizing module cpu_2
Progress: Adding cpu_3 [altera_nios2_qsys 13.0]
Progress: Parameterizing module cpu_3
Progress: Adding cpu_0 [altera_nios2_qsys 13.0]
Progress: Parameterizing module cpu_0
Progress: Adding onchip_1 [altera_avalon_onchip_memory2 13.0.1.99.2]
Progress: Parameterizing module onchip_1
Progress: Adding onchip_2 [altera_avalon_onchip_memory2 13.0.1.99.2]
Progress: Parameterizing module onchip_2
Progress: Adding onchip_3 [altera_avalon_onchip_memory2 13.0.1.99.2]
Progress: Parameterizing module onchip_3
Progress: Adding timer_1 [altera_avalon_timer 13.0.1.99.2]
Progress: Parameterizing module timer_1
Progress: Adding timer_3 [altera_avalon_timer 13.0.1.99.2]
Progress: Parameterizing module timer_3
Progress: Adding timer_2 [altera_avalon_timer 13.0.1.99.2]
Progress: Parameterizing module timer_2
Progress: Adding jtag_uart_1 [altera_avalon_jtag_uart 13.0.1.99.2]
Progress: Parameterizing module jtag_uart_1
Progress: Adding jtag_uart_2 [altera_avalon_jtag_uart 13.0.1.99.2]
Progress: Parameterizing module jtag_uart_2
Progress: Adding jtag_uart_3 [altera_avalon_jtag_uart 13.0.1.99.2]
Progress: Parameterizing module jtag_uart_3
Progress: Adding clocks [altera_up_clocks 13.0]
Progress: Parameterizing module clocks
Progress: Adding nios_custom_instr_floating_point_0 [altera_nios_custom_instr_floating_point 13.0]
Progress: Parameterizing module nios_custom_instr_floating_point_0
Progress: Adding nios_custom_instr_floating_point_1 [altera_nios_custom_instr_floating_point 13.0]
Progress: Parameterizing module nios_custom_instr_floating_point_1
Progress: Adding nios_custom_instr_floating_point_2 [altera_nios_custom_instr_floating_point 13.0]
Progress: Parameterizing module nios_custom_instr_floating_point_2
Progress: Adding nios_custom_instr_floating_point_3 [altera_nios_custom_instr_floating_point 13.0]
Progress: Parameterizing module nios_custom_instr_floating_point_3
Progress: Building connections
Progress: Parameterizing connections
Progress: Validating
Progress: Done reading input file
Info: nios_system.ht19_Samikwa_Yaacoub: System ID is not assigned automatically. Edit the System ID parameter to provide a unique ID
Info: nios_system.ht19_Samikwa_Yaacoub: Time stamp will be automatically updated when this component is generated.
Info: nios_system.de2_pio_toggles18: PIO inputs are not hardwired in test bench. Undefined values will be read from PIO inputs during simulation.
Info: nios_system.de2_pio_keys4: PIO inputs are not hardwired in test bench. Undefined values will be read from PIO inputs during simulation.
Warning: nios_system.cpu_1: The address range of the slaves connected to the Nios II instruction masters exceeds 28 bits. Attempts to call functions across 28-bit boundaries is not supported by GCC and will result in linker errors.
Info: nios_system: Generating nios_system "nios_system" for QUARTUS_SYNTH
Info: pipeline_bridge_swap_transform: After transform: 31 modules, 120 connections
Info: merlin_custom_instruction_transform: After transform: 43 modules, 132 connections
Info: merlin_translator_transform: After transform: 77 modules, 256 connections
Info: merlin_domain_transform: After transform: 139 modules, 644 connections
Info: merlin_router_transform: After transform: 173 modules, 768 connections
Info: merlin_burst_transform: After transform: 174 modules, 771 connections
Info: reset_adaptation_transform: After transform: 179 modules, 669 connections
Info: merlin_network_to_switch_transform: After transform: 246 modules, 819 connections
Info: merlin_width_transform: After transform: 248 modules, 825 connections
Info: merlin_mm_transform: After transform: 248 modules, 825 connections
Info: merlin_interrupt_mapper_transform: After transform: 252 modules, 837 connections
Warning: nios_system: "No matching role found for cpu_0_custom_instruction_master_multi_xconnect:ci_slave:ci_slave_ipending (ipending)"
Warning: nios_system: "No matching role found for cpu_0_custom_instruction_master_multi_xconnect:ci_slave:ci_slave_estatus (estatus)"
Warning: nios_system: "No matching role found for cpu_1_custom_instruction_master_multi_xconnect:ci_slave:ci_slave_ipending (ipending)"
Warning: nios_system: "No matching role found for cpu_1_custom_instruction_master_multi_xconnect:ci_slave:ci_slave_estatus (estatus)"
Warning: nios_system: "No matching role found for cpu_2_custom_instruction_master_multi_xconnect:ci_slave:ci_slave_ipending (ipending)"
Warning: nios_system: "No matching role found for cpu_2_custom_instruction_master_multi_xconnect:ci_slave:ci_slave_estatus (estatus)"
Warning: nios_system: "No matching role found for cpu_3_custom_instruction_master_multi_xconnect:ci_slave:ci_slave_ipending (ipending)"
Warning: nios_system: "No matching role found for cpu_3_custom_instruction_master_multi_xconnect:ci_slave:ci_slave_estatus (estatus)"
Warning: nios_system: "No matching role found for rst_controller_001:reset_out:reset_req (reset_req)"
Warning: nios_system: "No matching role found for rst_controller_001:reset_out:reset_req (reset_req)"
Warning: nios_system: "No matching role found for rst_controller_001:reset_out:reset_req (reset_req)"
Warning: nios_system: "No matching role found for rst_controller_001:reset_out:reset_req (reset_req)"
Warning: nios_system: "No matching role found for rst_controller_001:reset_out:reset_req (reset_req)"
Warning: nios_system: "No matching role found for rst_controller_001:reset_out:reset_req (reset_req)"
Warning: nios_system: "No matching role found for rst_controller_001:reset_out:reset_req (reset_req)"
Warning: nios_system: "No matching role found for rst_controller_001:reset_out:reset_req (reset_req)"
Warning: nios_system: "No matching role found for rst_controller_001:reset_out:reset_req (reset_req)"
Warning: nios_system: "No matching role found for rst_controller_001:reset_out:reset_req (reset_req)"
Warning: nios_system: "No matching role found for rst_controller_001:reset_out:reset_req (reset_req)"
Warning: nios_system: "No matching role found for rst_controller_001:reset_out:reset_req (reset_req)"
Warning: nios_system: "No matching role found for rst_controller_001:reset_out:reset_req (reset_req)"
Warning: nios_system: "No matching role found for rst_controller_001:reset_out:reset_req (reset_req)"
Warning: nios_system: "No matching role found for rst_controller_001:reset_out:reset_req (reset_req)"
Warning: nios_system: "No matching role found for rst_controller_001:reset_out:reset_req (reset_req)"
Warning: nios_system: "No matching role found for rst_controller_001:reset_out:reset_req (reset_req)"
Warning: nios_system: "No matching role found for rst_controller_001:reset_out:reset_req (reset_req)"
Warning: nios_system: "No matching role found for rst_controller_001:reset_out:reset_req (reset_req)"
Warning: nios_system: "No matching role found for rst_controller_001:reset_out:reset_req (reset_req)"
Warning: nios_system: "No matching role found for rst_controller_001:reset_out:reset_req (reset_req)"
Warning: nios_system: "No matching role found for rst_controller_001:reset_out:reset_req (reset_req)"
Warning: nios_system: "No matching role found for rst_controller_001:reset_out:reset_req (reset_req)"
Warning: nios_system: "No matching role found for rst_controller_001:reset_out:reset_req (reset_req)"
Warning: nios_system: "No matching role found for rst_controller_001:reset_out:reset_req (reset_req)"
Warning: nios_system: "No matching role found for rst_controller_001:reset_out:reset_req (reset_req)"
Warning: nios_system: "No matching role found for rst_controller_001:reset_out:reset_req (reset_req)"
Warning: nios_system: "No matching role found for rst_controller_001:reset_out:reset_req (reset_req)"
Warning: nios_system: "No matching role found for rst_controller_001:reset_out:reset_req (reset_req)"
Warning: nios_system: "No matching role found for rst_controller_001:reset_out:reset_req (reset_req)"
Warning: nios_system: "No matching role found for rst_controller_001:reset_out:reset_req (reset_req)"
Warning: nios_system: "No matching role found for rst_controller_001:reset_out:reset_req (reset_req)"
Warning: nios_system: "No matching role found for rst_controller_001:reset_out:reset_req (reset_req)"
Warning: nios_system: "No matching role found for rst_controller_001:reset_out:reset_req (reset_req)"
Warning: nios_system: "No matching role found for rst_controller_001:reset_out:reset_req (reset_req)"
Warning: nios_system: "No matching role found for rst_controller_001:reset_out:reset_req (reset_req)"
Warning: nios_system: "No matching role found for rst_controller_001:reset_out:reset_req (reset_req)"
Warning: nios_system: "No matching role found for rst_controller_001:reset_out:reset_req (reset_req)"
Warning: nios_system: "No matching role found for rst_controller_001:reset_out:reset_req (reset_req)"
Warning: nios_system: "No matching role found for rst_controller_001:reset_out:reset_req (reset_req)"
Warning: nios_system: "No matching role found for rst_controller_001:reset_out:reset_req (reset_req)"
Warning: nios_system: "No matching role found for rst_controller_001:reset_out:reset_req (reset_req)"
Warning: nios_system: "No matching role found for rst_controller_001:reset_out:reset_req (reset_req)"
Warning: nios_system: "No matching role found for rst_controller_001:reset_out:reset_req (reset_req)"
Warning: nios_system: "No matching role found for rst_controller_001:reset_out:reset_req (reset_req)"
Warning: nios_system: "No matching role found for rst_controller_001:reset_out:reset_req (reset_req)"
Warning: nios_system: "No matching role found for rst_controller_001:reset_out:reset_req (reset_req)"
Warning: nios_system: "No matching role found for rst_controller_001:reset_out:reset_req (reset_req)"
Warning: nios_system: "No matching role found for rst_controller_001:reset_out:reset_req (reset_req)"
Warning: nios_system: "No matching role found for rst_controller_001:reset_out:reset_req (reset_req)"
Warning: nios_system: "No matching role found for rst_controller_001:reset_out:reset_req (reset_req)"
Warning: nios_system: "No matching role found for rst_controller_001:reset_out:reset_req (reset_req)"
Warning: nios_system: "No matching role found for rst_controller_001:reset_out:reset_req (reset_req)"
Warning: nios_system: "No matching role found for rst_controller_001:reset_out:reset_req (reset_req)"
Warning: nios_system: "No matching role found for rst_controller_001:reset_out:reset_req (reset_req)"
Warning: nios_system: "No matching role found for rst_controller_001:reset_out:reset_req (reset_req)"
Warning: nios_system: "No matching role found for rst_controller_001:reset_out:reset_req (reset_req)"
Warning: nios_system: "No matching role found for rst_controller_001:reset_out:reset_req (reset_req)"
Warning: nios_system: "No matching role found for rst_controller_001:reset_out:reset_req (reset_req)"
Warning: nios_system: "No matching role found for rst_controller_001:reset_out:reset_req (reset_req)"
Warning: nios_system: "No matching role found for rst_controller_001:reset_out:reset_req (reset_req)"
Warning: nios_system: "No matching role found for rst_controller_001:reset_out:reset_req (reset_req)"
Warning: nios_system: "No matching role found for rst_controller_001:reset_out:reset_req (reset_req)"
Warning: nios_system: "No matching role found for rst_controller_001:reset_out:reset_req (reset_req)"
Warning: nios_system: "No matching role found for rst_controller_001:reset_out:reset_req (reset_req)"
Warning: nios_system: "No matching role found for rst_controller_001:reset_out:reset_req (reset_req)"
Warning: nios_system: "No matching role found for rst_controller_001:reset_out:reset_req (reset_req)"
Warning: nios_system: "No matching role found for rst_controller_001:reset_out:reset_req (reset_req)"
Warning: nios_system: "No matching role found for rst_controller_001:reset_out:reset_req (reset_req)"
Warning: nios_system: "No matching role found for rst_controller_001:reset_out:reset_req (reset_req)"
Warning: nios_system: "No matching role found for rst_controller_001:reset_out:reset_req (reset_req)"
Warning: nios_system: "No matching role found for rst_controller_001:reset_out:reset_req (reset_req)"
Warning: nios_system: "No matching role found for rst_controller_001:reset_out:reset_req (reset_req)"
Warning: nios_system: "No matching role found for rst_controller_001:reset_out:reset_req (reset_req)"
Warning: nios_system: "No matching role found for rst_controller_001:reset_out:reset_req (reset_req)"
Warning: nios_system: "No matching role found for rst_controller_001:reset_out:reset_req (reset_req)"
Warning: nios_system: "No matching role found for rst_controller_001:reset_out:reset_req (reset_req)"
Warning: nios_system: "No matching role found for rst_controller_001:reset_out:reset_req (reset_req)"
Warning: nios_system: "No matching role found for rst_controller_001:reset_out:reset_req (reset_req)"
Warning: nios_system: "No matching role found for rst_controller_001:reset_out:reset_req (reset_req)"
Warning: nios_system: "No matching role found for rst_controller_001:reset_out:reset_req (reset_req)"
Warning: nios_system: "No matching role found for rst_controller_001:reset_out:reset_req (reset_req)"
Warning: nios_system: "No matching role found for rst_controller_001:reset_out:reset_req (reset_req)"
Warning: nios_system: "No matching role found for rst_controller_001:reset_out:reset_req (reset_req)"
Warning: nios_system: "No matching role found for rst_controller_001:reset_out:reset_req (reset_req)"
Error: Generation stopped, 258 or more modules remaining
Info: nios_system: Done nios_system" with 64 modules, 24 files, 1952697 bytes
Error: ip-generate failed with exit code 1: 1 Error, 94 Warnings
Info: Stopping: Create HDL design files for synthesis
