Info: Starting: Create block symbol file (.bsf)
Info: ip-generate --project-directory=/home/student/Desktop/H4/ --output-directory=/home/student/Desktop/H4/nios_system/ --report-file=bsf:/home/student/Desktop/H4/nios_system.bsf --system-info=DEVICE_FAMILY="Cyclone II" --system-info=DEVICE=EP2C35F672C6 --system-info=DEVICE_SPEEDGRADE=6 --component-file=/home/student/Desktop/H4/nios_system.qsys
Progress: Loading H4/nios_system.qsys
Progress: Reading input file
Progress: Adding clk [clock_source 13.0]
Progress: Parameterizing module clk
Progress: Adding nios2_ht18_Cao_Yaacoub [altera_nios2_qsys 13.0]
Progress: Parameterizing module nios2_ht18_Cao_Yaacoub
Progress: Adding jtag_uart [altera_avalon_jtag_uart 13.0.1.99.2]
Progress: Parameterizing module jtag_uart
Progress: Adding ht18_Cao_Yaacoub [altera_avalon_sysid_qsys 13.0]
Progress: Parameterizing module ht18_Cao_Yaacoub
Progress: Adding onchip_memory [altera_avalon_onchip_memory2 13.0.1.99.2]
Progress: Parameterizing module onchip_memory
Progress: Adding sram [altera_up_avalon_sram 13.0]
Progress: Parameterizing module sram
Progress: Adding sdram [altera_avalon_new_sdram_controller 13.0.1.99.2]
Progress: Parameterizing module sdram
Progress: Adding timer_0 [altera_avalon_timer 13.0.1.99.2]
Progress: Parameterizing module timer_0
Progress: Adding timer_1 [altera_avalon_timer 13.0.1.99.2]
Progress: Parameterizing module timer_1
Progress: Adding p_counter [altera_avalon_performance_counter 13.0.1.99.2]
Progress: Parameterizing module p_counter
Progress: Adding de2_pio_toggles18 [altera_avalon_pio 13.0.1.99.2]
Progress: Parameterizing module de2_pio_toggles18
Progress: Adding de2_pio_keys4 [altera_avalon_pio 13.0.1.99.2]
Progress: Parameterizing module de2_pio_keys4
Progress: Adding de2_pio_redled18 [altera_avalon_pio 13.0.1.99.2]
Progress: Parameterizing module de2_pio_redled18
Progress: Adding de2_pio_greenled9 [altera_avalon_pio 13.0.1.99.2]
Progress: Parameterizing module de2_pio_greenled9
Progress: Adding de2_pio_hex_high28 [altera_avalon_pio 13.0.1.99.2]
Progress: Parameterizing module de2_pio_hex_high28
Progress: Adding de2_pio_hex_low28 [altera_avalon_pio 13.0.1.99.2]
Progress: Parameterizing module de2_pio_hex_low28
Progress: Adding clocks [altera_up_clocks 13.0]
Progress: Parameterizing module clocks
Progress: Building connections
Progress: Parameterizing connections
Progress: Validating
Progress: Done reading input file
Info: nios_system.ht18_Cao_Yaacoub: System ID is not assigned automatically. Edit the System ID parameter to provide a unique ID
Info: nios_system.ht18_Cao_Yaacoub: Time stamp will be automatically updated when this component is generated.
Info: nios_system.de2_pio_toggles18: PIO inputs are not hardwired in test bench. Undefined values will be read from PIO inputs during simulation.
Info: nios_system.de2_pio_keys4: PIO inputs are not hardwired in test bench. Undefined values will be read from PIO inputs during simulation.
Info: ip-generate succeeded.
Info: Finished: Create block symbol file (.bsf)
Info: 
Info: Starting: Create HDL design files for synthesis
Info: ip-generate --project-directory=/home/student/Desktop/H4/ --output-directory=/home/student/Desktop/H4/nios_system/synthesis/ --file-set=QUARTUS_SYNTH --report-file=sopcinfo:/home/student/Desktop/H4/nios_system.sopcinfo --report-file=html:/home/student/Desktop/H4/nios_system.html --report-file=qip:/home/student/Desktop/H4/nios_system/synthesis/nios_system.qip --report-file=cmp:/home/student/Desktop/H4/nios_system.cmp --report-file=svd --system-info=DEVICE_FAMILY="Cyclone II" --system-info=DEVICE=EP2C35F672C6 --system-info=DEVICE_SPEEDGRADE=6 --component-file=/home/student/Desktop/H4/nios_system.qsys --language=VHDL
Progress: Loading H4/nios_system.qsys
Progress: Reading input file
Progress: Adding clk [clock_source 13.0]
Progress: Parameterizing module clk
Progress: Adding nios2_ht18_Cao_Yaacoub [altera_nios2_qsys 13.0]
Progress: Parameterizing module nios2_ht18_Cao_Yaacoub
Progress: Adding jtag_uart [altera_avalon_jtag_uart 13.0.1.99.2]
Progress: Parameterizing module jtag_uart
Progress: Adding ht18_Cao_Yaacoub [altera_avalon_sysid_qsys 13.0]
Progress: Parameterizing module ht18_Cao_Yaacoub
Progress: Adding onchip_memory [altera_avalon_onchip_memory2 13.0.1.99.2]
Progress: Parameterizing module onchip_memory
Progress: Adding sram [altera_up_avalon_sram 13.0]
Progress: Parameterizing module sram
Progress: Adding sdram [altera_avalon_new_sdram_controller 13.0.1.99.2]
Progress: Parameterizing module sdram
Progress: Adding timer_0 [altera_avalon_timer 13.0.1.99.2]
Progress: Parameterizing module timer_0
Progress: Adding timer_1 [altera_avalon_timer 13.0.1.99.2]
Progress: Parameterizing module timer_1
Progress: Adding p_counter [altera_avalon_performance_counter 13.0.1.99.2]
Progress: Parameterizing module p_counter
Progress: Adding de2_pio_toggles18 [altera_avalon_pio 13.0.1.99.2]
Progress: Parameterizing module de2_pio_toggles18
Progress: Adding de2_pio_keys4 [altera_avalon_pio 13.0.1.99.2]
Progress: Parameterizing module de2_pio_keys4
Progress: Adding de2_pio_redled18 [altera_avalon_pio 13.0.1.99.2]
Progress: Parameterizing module de2_pio_redled18
Progress: Adding de2_pio_greenled9 [altera_avalon_pio 13.0.1.99.2]
Progress: Parameterizing module de2_pio_greenled9
Progress: Adding de2_pio_hex_high28 [altera_avalon_pio 13.0.1.99.2]
Progress: Parameterizing module de2_pio_hex_high28
Progress: Adding de2_pio_hex_low28 [altera_avalon_pio 13.0.1.99.2]
Progress: Parameterizing module de2_pio_hex_low28
Progress: Adding clocks [altera_up_clocks 13.0]
Progress: Parameterizing module clocks
Progress: Building connections
Progress: Parameterizing connections
Progress: Validating
Progress: Done reading input file
Info: nios_system.ht18_Cao_Yaacoub: System ID is not assigned automatically. Edit the System ID parameter to provide a unique ID
Info: nios_system.ht18_Cao_Yaacoub: Time stamp will be automatically updated when this component is generated.
Info: nios_system.de2_pio_toggles18: PIO inputs are not hardwired in test bench. Undefined values will be read from PIO inputs during simulation.
Info: nios_system.de2_pio_keys4: PIO inputs are not hardwired in test bench. Undefined values will be read from PIO inputs during simulation.
Info: nios_system: Generating nios_system "nios_system" for QUARTUS_SYNTH
Info: pipeline_bridge_swap_transform: After transform: 17 modules, 68 connections
Info: No custom instruction connections, skipping transform 
Info: merlin_translator_transform: After transform: 34 modules, 135 connections
Info: merlin_domain_transform: After transform: 69 modules, 364 connections
Info: merlin_router_transform: After transform: 86 modules, 431 connections
Info: merlin_burst_transform: After transform: 88 modules, 439 connections
Info: reset_adaptation_transform: After transform: 90 modules, 348 connections
Info: merlin_network_to_switch_transform: After transform: 123 modules, 420 connections
Info: merlin_width_transform: After transform: 127 modules, 432 connections
Info: merlin_mm_transform: After transform: 127 modules, 432 connections
Info: merlin_interrupt_mapper_transform: After transform: 128 modules, 435 connections
Warning: nios_system: "No matching role found for rst_controller:reset_out:reset_req (reset_req)"
Warning: nios_system: "No matching role found for rst_controller:reset_out:reset_req (reset_req)"
Warning: nios_system: "No matching role found for rst_controller:reset_out:reset_req (reset_req)"
Warning: nios_system: "No matching role found for rst_controller:reset_out:reset_req (reset_req)"
Warning: nios_system: "No matching role found for rst_controller:reset_out:reset_req (reset_req)"
Warning: nios_system: "No matching role found for rst_controller:reset_out:reset_req (reset_req)"
Warning: nios_system: "No matching role found for rst_controller:reset_out:reset_req (reset_req)"
Warning: nios_system: "No matching role found for rst_controller:reset_out:reset_req (reset_req)"
Warning: nios_system: "No matching role found for rst_controller:reset_out:reset_req (reset_req)"
Warning: nios_system: "No matching role found for rst_controller:reset_out:reset_req (reset_req)"
Warning: nios_system: "No matching role found for rst_controller:reset_out:reset_req (reset_req)"
Warning: nios_system: "No matching role found for rst_controller:reset_out:reset_req (reset_req)"
Warning: nios_system: "No matching role found for rst_controller:reset_out:reset_req (reset_req)"
Warning: nios_system: "No matching role found for rst_controller:reset_out:reset_req (reset_req)"
Warning: nios_system: "No matching role found for rst_controller:reset_out:reset_req (reset_req)"
Warning: nios_system: "No matching role found for rst_controller:reset_out:reset_req (reset_req)"
Warning: nios_system: "No matching role found for rst_controller:reset_out:reset_req (reset_req)"
Warning: nios_system: "No matching role found for rst_controller:reset_out:reset_req (reset_req)"
Warning: nios_system: "No matching role found for rst_controller:reset_out:reset_req (reset_req)"
Warning: nios_system: "No matching role found for rst_controller:reset_out:reset_req (reset_req)"
Warning: nios_system: "No matching role found for rst_controller:reset_out:reset_req (reset_req)"
Warning: nios_system: "No matching role found for rst_controller:reset_out:reset_req (reset_req)"
Warning: nios_system: "No matching role found for rst_controller:reset_out:reset_req (reset_req)"
Warning: nios_system: "No matching role found for rst_controller:reset_out:reset_req (reset_req)"
Warning: nios_system: "No matching role found for rst_controller:reset_out:reset_req (reset_req)"
Warning: nios_system: "No matching role found for rst_controller:reset_out:reset_req (reset_req)"
Warning: nios_system: "No matching role found for rst_controller:reset_out:reset_req (reset_req)"
Warning: nios_system: "No matching role found for rst_controller:reset_out:reset_req (reset_req)"
Warning: nios_system: "No matching role found for rst_controller:reset_out:reset_req (reset_req)"
Warning: nios_system: "No matching role found for rst_controller:reset_out:reset_req (reset_req)"
Warning: nios_system: "No matching role found for rst_controller:reset_out:reset_req (reset_req)"
Warning: nios_system: "No matching role found for rst_controller:reset_out:reset_req (reset_req)"
Warning: nios_system: "No matching role found for rst_controller:reset_out:reset_req (reset_req)"
Warning: nios_system: "No matching role found for rst_controller:reset_out:reset_req (reset_req)"
Warning: nios_system: "No matching role found for rst_controller:reset_out:reset_req (reset_req)"
Warning: nios_system: "No matching role found for rst_controller:reset_out:reset_req (reset_req)"
Warning: nios_system: "No matching role found for rst_controller:reset_out:reset_req (reset_req)"
Warning: nios_system: "No matching role found for rst_controller:reset_out:reset_req (reset_req)"
Warning: nios_system: "No matching role found for rst_controller:reset_out:reset_req (reset_req)"
Warning: nios_system: "No matching role found for rst_controller:reset_out:reset_req (reset_req)"
Warning: nios_system: "No matching role found for rst_controller:reset_out:reset_req (reset_req)"
Warning: nios_system: "No matching role found for rst_controller:reset_out:reset_req (reset_req)"
Warning: nios_system: "No matching role found for rst_controller:reset_out:reset_req (reset_req)"
Warning: nios_system: "No matching role found for rst_controller:reset_out:reset_req (reset_req)"
Warning: nios_system: "No matching role found for rst_controller:reset_out:reset_req (reset_req)"
Warning: nios_system: "No matching role found for rst_controller:reset_out:reset_req (reset_req)"
Warning: nios_system: "No matching role found for rst_controller:reset_out:reset_req (reset_req)"
Warning: nios_system: "No matching role found for rst_controller:reset_out:reset_req (reset_req)"
Warning: nios_system: "No matching role found for rst_controller:reset_out:reset_req (reset_req)"
Warning: nios_system: "No matching role found for rst_controller:reset_out:reset_req (reset_req)"
Warning: nios_system: "No matching role found for rst_controller:reset_out:reset_req (reset_req)"
Warning: nios_system: "No matching role found for rst_controller:reset_out:reset_req (reset_req)"
Warning: nios_system: "No matching role found for rst_controller:reset_out:reset_req (reset_req)"
Warning: nios_system: "No matching role found for rst_controller:reset_out:reset_req (reset_req)"
Warning: nios_system: "No matching role found for rst_controller:reset_out:reset_req (reset_req)"
Warning: nios_system: "No matching role found for rst_controller:reset_out:reset_req (reset_req)"
Warning: nios_system: "No matching role found for rst_controller:reset_out:reset_req (reset_req)"
Warning: nios_system: "No matching role found for rst_controller:reset_out:reset_req (reset_req)"
Warning: nios_system: "No matching role found for rst_controller:reset_out:reset_req (reset_req)"
Warning: nios_system: "No matching role found for rst_controller:reset_out:reset_req (reset_req)"
Warning: nios_system: "No matching role found for rst_controller:reset_out:reset_req (reset_req)"
Warning: nios_system: "No matching role found for rst_controller:reset_out:reset_req (reset_req)"
Warning: nios_system: "No matching role found for rst_controller:reset_out:reset_req (reset_req)"
Warning: nios_system: "No matching role found for rst_controller:reset_out:reset_req (reset_req)"
Warning: nios_system: "No matching role found for rst_controller:reset_out:reset_req (reset_req)"
Warning: nios_system: "No matching role found for rst_controller:reset_out:reset_req (reset_req)"
Warning: nios_system: "No matching role found for rst_controller:reset_out:reset_req (reset_req)"
Warning: nios_system: "No matching role found for rst_controller:reset_out:reset_req (reset_req)"
Warning: nios_system: "No matching role found for rst_controller:reset_out:reset_req (reset_req)"
Warning: nios_system: "No matching role found for rst_controller:reset_out:reset_req (reset_req)"
Warning: nios_system: "No matching role found for rst_controller:reset_out:reset_req (reset_req)"
Warning: nios_system: "No matching role found for rst_controller:reset_out:reset_req (reset_req)"
Warning: nios_system: "No matching role found for rst_controller:reset_out:reset_req (reset_req)"
Warning: nios_system: "No matching role found for rst_controller:reset_out:reset_req (reset_req)"
Warning: nios_system: "No matching role found for rst_controller:reset_out:reset_req (reset_req)"
Warning: nios_system: "No matching role found for rst_controller:reset_out:reset_req (reset_req)"
Warning: nios_system: "No matching role found for rst_controller:reset_out:reset_req (reset_req)"
Warning: nios_system: "No matching role found for rst_controller:reset_out:reset_req (reset_req)"
Warning: nios_system: "No matching role found for rst_controller:reset_out:reset_req (reset_req)"
Warning: nios_system: "No matching role found for rst_controller:reset_out:reset_req (reset_req)"
Warning: nios_system: "No matching role found for rst_controller:reset_out:reset_req (reset_req)"
Warning: nios_system: "No matching role found for rst_controller:reset_out:reset_req (reset_req)"
Warning: nios_system: "No matching role found for rst_controller:reset_out:reset_req (reset_req)"
Warning: nios_system: "No matching role found for rst_controller:reset_out:reset_req (reset_req)"
Warning: nios_system: "No matching role found for rst_controller:reset_out:reset_req (reset_req)"
Warning: nios_system: "No matching role found for rst_controller:reset_out:reset_req (reset_req)"
Warning: nios_system: "No matching role found for rst_controller:reset_out:reset_req (reset_req)"
Warning: nios_system: "No matching role found for rst_controller:reset_out:reset_req (reset_req)"
Warning: nios_system: "No matching role found for rst_controller:reset_out:reset_req (reset_req)"
Warning: nios_system: "No matching role found for rst_controller:reset_out:reset_req (reset_req)"
Warning: nios_system: "No matching role found for rst_controller:reset_out:reset_req (reset_req)"
Warning: nios_system: "No matching role found for rst_controller:reset_out:reset_req (reset_req)"
Warning: nios_system: "No matching role found for rst_controller:reset_out:reset_req (reset_req)"
Warning: nios_system: "No matching role found for rst_controller:reset_out:reset_req (reset_req)"
Warning: nios_system: "No matching role found for rst_controller:reset_out:reset_req (reset_req)"
Warning: nios_system: "No matching role found for rst_controller:reset_out:reset_req (reset_req)"
Warning: nios_system: "No matching role found for rst_controller:reset_out:reset_req (reset_req)"
Warning: nios_system: "No matching role found for rst_controller:reset_out:reset_req (reset_req)"
Warning: nios_system: "No matching role found for rst_controller:reset_out:reset_req (reset_req)"
Warning: nios_system: "No matching role found for rst_controller:reset_out:reset_req (reset_req)"
Warning: nios_system: "No matching role found for rst_controller:reset_out:reset_req (reset_req)"
Warning: nios_system: "No matching role found for rst_controller:reset_out:reset_req (reset_req)"
Warning: nios_system: "No matching role found for rst_controller:reset_out:reset_req (reset_req)"
Warning: nios_system: "No matching role found for rst_controller:reset_out:reset_req (reset_req)"
Warning: nios_system: "No matching role found for rst_controller:reset_out:reset_req (reset_req)"
Warning: nios_system: "No matching role found for rst_controller:reset_out:reset_req (reset_req)"
Warning: nios_system: "No matching role found for rst_controller:reset_out:reset_req (reset_req)"
Warning: nios_system: "No matching role found for rst_controller:reset_out:reset_req (reset_req)"
Warning: nios_system: "No matching role found for rst_controller:reset_out:reset_req (reset_req)"
Warning: nios_system: "No matching role found for rst_controller:reset_out:reset_req (reset_req)"
Warning: nios_system: "No matching role found for rst_controller:reset_out:reset_req (reset_req)"
Warning: nios_system: "No matching role found for rst_controller:reset_out:reset_req (reset_req)"
Warning: nios_system: "No matching role found for rst_controller:reset_out:reset_req (reset_req)"
Warning: nios_system: "No matching role found for rst_controller:reset_out:reset_req (reset_req)"
Warning: nios_system: "No matching role found for rst_controller:reset_out:reset_req (reset_req)"
Warning: nios_system: "No matching role found for rst_controller:reset_out:reset_req (reset_req)"
Info: nios2_ht18_Cao_Yaacoub: Starting RTL generation for module 'nios_system_nios2_ht18_Cao_Yaacoub'
Info: nios2_ht18_Cao_Yaacoub:   Generation command is [exec /opt/altera/13.0sp1/quartus/../ip/altera/nios2_ip/altera_nios2/eperl -I /opt/altera/13.0sp1/quartus/common/ip/altera/common/perl/5.8.3 -I /opt/altera/13.0sp1/quartus/sopc_builder/bin/europa -I /opt/altera/13.0sp1/quartus/sopc_builder/bin/perl_lib -I /opt/altera/13.0sp1/quartus/sopc_builder/bin -I /opt/altera/13.0sp1/quartus/../ip/altera/nios2_ip/altera_nios2/cpu_lib -I /opt/altera/13.0sp1/quartus/../ip/altera/nios2_ip/altera_nios2/nios_lib -I /opt/altera/13.0sp1/quartus/../ip/altera/nios2_ip/altera_nios2 -I /opt/altera/13.0sp1/quartus/../ip/altera/nios2_ip/altera_nios2 -- /opt/altera/13.0sp1/quartus/../ip/altera/nios2_ip/altera_nios2/generate_rtl.epl --name=nios_system_nios2_ht18_Cao_Yaacoub --dir=/tmp/alt7794_3163312297762485726.dir/0001_nios2_ht18_Cao_Yaacoub_gen/ --quartus_dir=/opt/altera/13.0sp1/quartus --verilog --config=/tmp/alt7794_3163312297762485726.dir/0001_nios2_ht18_Cao_Yaacoub_gen//nios_system_nios2_ht18_Cao_Yaacoub_processor_configuration.pl  --do_build_sim=0    --bogus  ]
Info: nios2_ht18_Cao_Yaacoub: # 2018.09.20 16:40:08 (*) Starting Nios II generation
Info: nios2_ht18_Cao_Yaacoub: # 2018.09.20 16:40:08 (*)   Checking for plaintext license.
Info: nios2_ht18_Cao_Yaacoub: # 2018.09.20 16:40:10 (*)   Couldn't query license setup in Quartus directory /opt/altera/13.0sp1/quartus
Info: nios2_ht18_Cao_Yaacoub: # 2018.09.20 16:40:10 (*)   Defaulting to contents of LM_LICENSE_FILE environment variable
Info: nios2_ht18_Cao_Yaacoub: # 2018.09.20 16:40:11 (*)   Plaintext license not found.
Info: nios2_ht18_Cao_Yaacoub: # 2018.09.20 16:40:11 (*)   No license required to generate encrypted Nios II/e.
Info: nios2_ht18_Cao_Yaacoub: # 2018.09.20 16:40:11 (*)   Elaborating CPU configuration settings
Info: nios2_ht18_Cao_Yaacoub: # 2018.09.20 16:40:11 (*)   Creating all objects for CPU
Info: nios2_ht18_Cao_Yaacoub: # 2018.09.20 16:40:13 (*)   Generating RTL from CPU objects
Info: nios2_ht18_Cao_Yaacoub: # 2018.09.20 16:40:13 (*)   Creating plain-text RTL
Info: nios2_ht18_Cao_Yaacoub: # 2018.09.20 16:40:17 (*) Done Nios II generation
Info: nios2_ht18_Cao_Yaacoub: Done RTL generation for module 'nios_system_nios2_ht18_Cao_Yaacoub'
Info: nios2_ht18_Cao_Yaacoub: "nios_system" instantiated altera_nios2_qsys "nios2_ht18_Cao_Yaacoub"
Info: jtag_uart: Starting RTL generation for module 'nios_system_jtag_uart'
Info: jtag_uart:   Generation command is [exec /opt/altera/13.0sp1/quartus/linux/perl/bin/perl -I /opt/altera/13.0sp1/quartus/common/ip/altera/common/perl/5.8.3 -I /opt/altera/13.0sp1/quartus/sopc_builder/bin/europa -I /opt/altera/13.0sp1/quartus/sopc_builder/bin/perl_lib -I /opt/altera/13.0sp1/quartus/sopc_builder/bin -I /opt/altera/13.0sp1/quartus/../ip/altera/sopc_builder_ip/common -I /opt/altera/13.0sp1/quartus/../ip/altera/sopc_builder_ip/altera_avalon_jtag_uart -- /opt/altera/13.0sp1/quartus/../ip/altera/sopc_builder_ip/altera_avalon_jtag_uart/generate_rtl.pl --name=nios_system_jtag_uart --dir=/tmp/alt7794_3163312297762485726.dir/0002_jtag_uart_gen/ --quartus_dir=/opt/altera/13.0sp1/quartus --verilog --config=/tmp/alt7794_3163312297762485726.dir/0002_jtag_uart_gen//nios_system_jtag_uart_component_configuration.pl  --do_build_sim=0  ]
Info: jtag_uart: Done RTL generation for module 'nios_system_jtag_uart'
Info: jtag_uart: "nios_system" instantiated altera_avalon_jtag_uart "jtag_uart"
Info: ht18_Cao_Yaacoub: "nios_system" instantiated altera_avalon_sysid_qsys "ht18_Cao_Yaacoub"
Info: onchip_memory: Starting RTL generation for module 'nios_system_onchip_memory'
Info: onchip_memory:   Generation command is [exec /opt/altera/13.0sp1/quartus/linux/perl/bin/perl -I /opt/altera/13.0sp1/quartus/common/ip/altera/common/perl/5.8.3 -I /opt/altera/13.0sp1/quartus/sopc_builder/bin/europa -I /opt/altera/13.0sp1/quartus/sopc_builder/bin/perl_lib -I /opt/altera/13.0sp1/quartus/sopc_builder/bin -I /opt/altera/13.0sp1/quartus/../ip/altera/sopc_builder_ip/common -I /opt/altera/13.0sp1/quartus/../ip/altera/sopc_builder_ip/altera_avalon_onchip_memory2 -- /opt/altera/13.0sp1/quartus/../ip/altera/sopc_builder_ip/altera_avalon_onchip_memory2/generate_rtl.pl --name=nios_system_onchip_memory --dir=/tmp/alt7794_3163312297762485726.dir/0004_onchip_memory_gen/ --quartus_dir=/opt/altera/13.0sp1/quartus --verilog --config=/tmp/alt7794_3163312297762485726.dir/0004_onchip_memory_gen//nios_system_onchip_memory_component_configuration.pl  --do_build_sim=0  ]
Info: onchip_memory: Done RTL generation for module 'nios_system_onchip_memory'
Info: onchip_memory: "nios_system" instantiated altera_avalon_onchip_memory2 "onchip_memory"
Info: sram: Starting Generation of SRAM or SSRAM Controller
Info: sram: "nios_system" instantiated altera_up_avalon_sram "sram"
Info: sdram: Starting RTL generation for module 'nios_system_sdram'
Info: sdram:   Generation command is [exec /opt/altera/13.0sp1/quartus/linux/perl/bin/perl -I /opt/altera/13.0sp1/quartus/common/ip/altera/common/perl/5.8.3 -I /opt/altera/13.0sp1/quartus/sopc_builder/bin/europa -I /opt/altera/13.0sp1/quartus/sopc_builder/bin/perl_lib -I /opt/altera/13.0sp1/quartus/sopc_builder/bin -I /opt/altera/13.0sp1/quartus/../ip/altera/sopc_builder_ip/common -I /opt/altera/13.0sp1/quartus/../ip/altera/sopc_builder_ip/altera_avalon_new_sdram_controller -- /opt/altera/13.0sp1/quartus/../ip/altera/sopc_builder_ip/altera_avalon_new_sdram_controller/generate_rtl.pl --name=nios_system_sdram --dir=/tmp/alt7794_3163312297762485726.dir/0006_sdram_gen/ --quartus_dir=/opt/altera/13.0sp1/quartus --verilog --config=/tmp/alt7794_3163312297762485726.dir/0006_sdram_gen//nios_system_sdram_component_configuration.pl  --do_build_sim=0  ]
Info: sdram: Done RTL generation for module 'nios_system_sdram'
Info: sdram: "nios_system" instantiated altera_avalon_new_sdram_controller "sdram"
Info: timer_0: Starting RTL generation for module 'nios_system_timer_0'
Info: timer_0:   Generation command is [exec /opt/altera/13.0sp1/quartus/linux/perl/bin/perl -I /opt/altera/13.0sp1/quartus/common/ip/altera/common/perl/5.8.3 -I /opt/altera/13.0sp1/quartus/sopc_builder/bin/europa -I /opt/altera/13.0sp1/quartus/sopc_builder/bin/perl_lib -I /opt/altera/13.0sp1/quartus/sopc_builder/bin -I /opt/altera/13.0sp1/quartus/../ip/altera/sopc_builder_ip/common -I /opt/altera/13.0sp1/quartus/../ip/altera/sopc_builder_ip/altera_avalon_timer -- /opt/altera/13.0sp1/quartus/../ip/altera/sopc_builder_ip/altera_avalon_timer/generate_rtl.pl --name=nios_system_timer_0 --dir=/tmp/alt7794_3163312297762485726.dir/0007_timer_0_gen/ --quartus_dir=/opt/altera/13.0sp1/quartus --verilog --config=/tmp/alt7794_3163312297762485726.dir/0007_timer_0_gen//nios_system_timer_0_component_configuration.pl  --do_build_sim=0  ]
Info: timer_0: Done RTL generation for module 'nios_system_timer_0'
Info: timer_0: "nios_system" instantiated altera_avalon_timer "timer_0"
Info: timer_1: Starting RTL generation for module 'nios_system_timer_1'
Info: timer_1:   Generation command is [exec /opt/altera/13.0sp1/quartus/linux/perl/bin/perl -I /opt/altera/13.0sp1/quartus/common/ip/altera/common/perl/5.8.3 -I /opt/altera/13.0sp1/quartus/sopc_builder/bin/europa -I /opt/altera/13.0sp1/quartus/sopc_builder/bin/perl_lib -I /opt/altera/13.0sp1/quartus/sopc_builder/bin -I /opt/altera/13.0sp1/quartus/../ip/altera/sopc_builder_ip/common -I /opt/altera/13.0sp1/quartus/../ip/altera/sopc_builder_ip/altera_avalon_timer -- /opt/altera/13.0sp1/quartus/../ip/altera/sopc_builder_ip/altera_avalon_timer/generate_rtl.pl --name=nios_system_timer_1 --dir=/tmp/alt7794_3163312297762485726.dir/0008_timer_1_gen/ --quartus_dir=/opt/altera/13.0sp1/quartus --verilog --config=/tmp/alt7794_3163312297762485726.dir/0008_timer_1_gen//nios_system_timer_1_component_configuration.pl  --do_build_sim=0  ]
Info: timer_1: Done RTL generation for module 'nios_system_timer_1'
Info: timer_1: "nios_system" instantiated altera_avalon_timer "timer_1"
Info: p_counter: Starting RTL generation for module 'nios_system_p_counter'
Info: p_counter:   Generation command is [exec /opt/altera/13.0sp1/quartus/linux/perl/bin/perl -I /opt/altera/13.0sp1/quartus/common/ip/altera/common/perl/5.8.3 -I /opt/altera/13.0sp1/quartus/sopc_builder/bin/europa -I /opt/altera/13.0sp1/quartus/sopc_builder/bin/perl_lib -I /opt/altera/13.0sp1/quartus/sopc_builder/bin -I /opt/altera/13.0sp1/quartus/../ip/altera/sopc_builder_ip/common -I /opt/altera/13.0sp1/quartus/../ip/altera/sopc_builder_ip/altera_avalon_performance_counter -- /opt/altera/13.0sp1/quartus/../ip/altera/sopc_builder_ip/altera_avalon_performance_counter/generate_rtl.pl --name=nios_system_p_counter --dir=/tmp/alt7794_3163312297762485726.dir/0009_p_counter_gen/ --quartus_dir=/opt/altera/13.0sp1/quartus --verilog --config=/tmp/alt7794_3163312297762485726.dir/0009_p_counter_gen//nios_system_p_counter_component_configuration.pl  --do_build_sim=0  ]
Info: p_counter: Done RTL generation for module 'nios_system_p_counter'
Info: p_counter: "nios_system" instantiated altera_avalon_performance_counter "p_counter"
Info: de2_pio_toggles18: Starting RTL generation for module 'nios_system_de2_pio_toggles18'
Info: de2_pio_toggles18:   Generation command is [exec /opt/altera/13.0sp1/quartus/linux/perl/bin/perl -I /opt/altera/13.0sp1/quartus/common/ip/altera/common/perl/5.8.3 -I /opt/altera/13.0sp1/quartus/sopc_builder/bin/europa -I /opt/altera/13.0sp1/quartus/sopc_builder/bin/perl_lib -I /opt/altera/13.0sp1/quartus/sopc_builder/bin -I /opt/altera/13.0sp1/quartus/../ip/altera/sopc_builder_ip/common -I /opt/altera/13.0sp1/quartus/../ip/altera/sopc_builder_ip/altera_avalon_pio -- /opt/altera/13.0sp1/quartus/../ip/altera/sopc_builder_ip/altera_avalon_pio/generate_rtl.pl --name=nios_system_de2_pio_toggles18 --dir=/tmp/alt7794_3163312297762485726.dir/0010_de2_pio_toggles18_gen/ --quartus_dir=/opt/altera/13.0sp1/quartus --verilog --config=/tmp/alt7794_3163312297762485726.dir/0010_de2_pio_toggles18_gen//nios_system_de2_pio_toggles18_component_configuration.pl  --do_build_sim=0  ]
Info: de2_pio_toggles18: Done RTL generation for module 'nios_system_de2_pio_toggles18'
Info: de2_pio_toggles18: "nios_system" instantiated altera_avalon_pio "de2_pio_toggles18"
Info: de2_pio_keys4: Starting RTL generation for module 'nios_system_de2_pio_keys4'
Info: de2_pio_keys4:   Generation command is [exec /opt/altera/13.0sp1/quartus/linux/perl/bin/perl -I /opt/altera/13.0sp1/quartus/common/ip/altera/common/perl/5.8.3 -I /opt/altera/13.0sp1/quartus/sopc_builder/bin/europa -I /opt/altera/13.0sp1/quartus/sopc_builder/bin/perl_lib -I /opt/altera/13.0sp1/quartus/sopc_builder/bin -I /opt/altera/13.0sp1/quartus/../ip/altera/sopc_builder_ip/common -I /opt/altera/13.0sp1/quartus/../ip/altera/sopc_builder_ip/altera_avalon_pio -- /opt/altera/13.0sp1/quartus/../ip/altera/sopc_builder_ip/altera_avalon_pio/generate_rtl.pl --name=nios_system_de2_pio_keys4 --dir=/tmp/alt7794_3163312297762485726.dir/0011_de2_pio_keys4_gen/ --quartus_dir=/opt/altera/13.0sp1/quartus --verilog --config=/tmp/alt7794_3163312297762485726.dir/0011_de2_pio_keys4_gen//nios_system_de2_pio_keys4_component_configuration.pl  --do_build_sim=0  ]
Info: de2_pio_keys4: Done RTL generation for module 'nios_system_de2_pio_keys4'
Info: de2_pio_keys4: "nios_system" instantiated altera_avalon_pio "de2_pio_keys4"
Info: de2_pio_redled18: Starting RTL generation for module 'nios_system_de2_pio_redled18'
Info: de2_pio_redled18:   Generation command is [exec /opt/altera/13.0sp1/quartus/linux/perl/bin/perl -I /opt/altera/13.0sp1/quartus/common/ip/altera/common/perl/5.8.3 -I /opt/altera/13.0sp1/quartus/sopc_builder/bin/europa -I /opt/altera/13.0sp1/quartus/sopc_builder/bin/perl_lib -I /opt/altera/13.0sp1/quartus/sopc_builder/bin -I /opt/altera/13.0sp1/quartus/../ip/altera/sopc_builder_ip/common -I /opt/altera/13.0sp1/quartus/../ip/altera/sopc_builder_ip/altera_avalon_pio -- /opt/altera/13.0sp1/quartus/../ip/altera/sopc_builder_ip/altera_avalon_pio/generate_rtl.pl --name=nios_system_de2_pio_redled18 --dir=/tmp/alt7794_3163312297762485726.dir/0012_de2_pio_redled18_gen/ --quartus_dir=/opt/altera/13.0sp1/quartus --verilog --config=/tmp/alt7794_3163312297762485726.dir/0012_de2_pio_redled18_gen//nios_system_de2_pio_redled18_component_configuration.pl  --do_build_sim=0  ]
Info: de2_pio_redled18: Done RTL generation for module 'nios_system_de2_pio_redled18'
Info: de2_pio_redled18: "nios_system" instantiated altera_avalon_pio "de2_pio_redled18"
Info: de2_pio_greenled9: Starting RTL generation for module 'nios_system_de2_pio_greenled9'
Info: de2_pio_greenled9:   Generation command is [exec /opt/altera/13.0sp1/quartus/linux/perl/bin/perl -I /opt/altera/13.0sp1/quartus/common/ip/altera/common/perl/5.8.3 -I /opt/altera/13.0sp1/quartus/sopc_builder/bin/europa -I /opt/altera/13.0sp1/quartus/sopc_builder/bin/perl_lib -I /opt/altera/13.0sp1/quartus/sopc_builder/bin -I /opt/altera/13.0sp1/quartus/../ip/altera/sopc_builder_ip/common -I /opt/altera/13.0sp1/quartus/../ip/altera/sopc_builder_ip/altera_avalon_pio -- /opt/altera/13.0sp1/quartus/../ip/altera/sopc_builder_ip/altera_avalon_pio/generate_rtl.pl --name=nios_system_de2_pio_greenled9 --dir=/tmp/alt7794_3163312297762485726.dir/0013_de2_pio_greenled9_gen/ --quartus_dir=/opt/altera/13.0sp1/quartus --verilog --config=/tmp/alt7794_3163312297762485726.dir/0013_de2_pio_greenled9_gen//nios_system_de2_pio_greenled9_component_configuration.pl  --do_build_sim=0  ]
Info: de2_pio_greenled9: Done RTL generation for module 'nios_system_de2_pio_greenled9'
Info: de2_pio_greenled9: "nios_system" instantiated altera_avalon_pio "de2_pio_greenled9"
Info: de2_pio_hex_high28: Starting RTL generation for module 'nios_system_de2_pio_hex_high28'
Info: de2_pio_hex_high28:   Generation command is [exec /opt/altera/13.0sp1/quartus/linux/perl/bin/perl -I /opt/altera/13.0sp1/quartus/common/ip/altera/common/perl/5.8.3 -I /opt/altera/13.0sp1/quartus/sopc_builder/bin/europa -I /opt/altera/13.0sp1/quartus/sopc_builder/bin/perl_lib -I /opt/altera/13.0sp1/quartus/sopc_builder/bin -I /opt/altera/13.0sp1/quartus/../ip/altera/sopc_builder_ip/common -I /opt/altera/13.0sp1/quartus/../ip/altera/sopc_builder_ip/altera_avalon_pio -- /opt/altera/13.0sp1/quartus/../ip/altera/sopc_builder_ip/altera_avalon_pio/generate_rtl.pl --name=nios_system_de2_pio_hex_high28 --dir=/tmp/alt7794_3163312297762485726.dir/0014_de2_pio_hex_high28_gen/ --quartus_dir=/opt/altera/13.0sp1/quartus --verilog --config=/tmp/alt7794_3163312297762485726.dir/0014_de2_pio_hex_high28_gen//nios_system_de2_pio_hex_high28_component_configuration.pl  --do_build_sim=0  ]
Info: de2_pio_hex_high28: Done RTL generation for module 'nios_system_de2_pio_hex_high28'
Info: de2_pio_hex_high28: "nios_system" instantiated altera_avalon_pio "de2_pio_hex_high28"
Info: clocks: Starting Generation of Required Clocks for DE-Series Boards
Info: clocks: "nios_system" instantiated altera_up_clocks "clocks"
Info: nios2_ht18_Cao_Yaacoub_instruction_master_translator: "nios_system" instantiated altera_merlin_master_translator "nios2_ht18_Cao_Yaacoub_instruction_master_translator"
Info: nios2_ht18_Cao_Yaacoub_jtag_debug_module_translator: "nios_system" instantiated altera_merlin_slave_translator "nios2_ht18_Cao_Yaacoub_jtag_debug_module_translator"
Info: nios2_ht18_Cao_Yaacoub_instruction_master_translator_avalon_universal_master_0_agent: "nios_system" instantiated altera_merlin_master_agent "nios2_ht18_Cao_Yaacoub_instruction_master_translator_avalon_universal_master_0_agent"
Info: nios2_ht18_Cao_Yaacoub_jtag_debug_module_translator_avalon_universal_slave_0_agent: "nios_system" instantiated altera_merlin_slave_agent "nios2_ht18_Cao_Yaacoub_jtag_debug_module_translator_avalon_universal_slave_0_agent"
Info: nios2_ht18_Cao_Yaacoub_jtag_debug_module_translator_avalon_universal_slave_0_agent_rsp_fifo: "nios_system" instantiated altera_avalon_sc_fifo "nios2_ht18_Cao_Yaacoub_jtag_debug_module_translator_avalon_universal_slave_0_agent_rsp_fifo"
Info: addr_router: "nios_system" instantiated altera_merlin_router "addr_router"
Info: addr_router_001: "nios_system" instantiated altera_merlin_router "addr_router_001"
Info: id_router: "nios_system" instantiated altera_merlin_router "id_router"
Info: id_router_002: "nios_system" instantiated altera_merlin_router "id_router_002"
Info: id_router_004: "nios_system" instantiated altera_merlin_router "id_router_004"
Info: burst_adapter: "nios_system" instantiated altera_merlin_burst_adapter "burst_adapter"
Info: rst_controller: "nios_system" instantiated altera_reset_controller "rst_controller"
Info: cmd_xbar_demux: "nios_system" instantiated altera_merlin_demultiplexer "cmd_xbar_demux"
Info: cmd_xbar_demux_001: "nios_system" instantiated altera_merlin_demultiplexer "cmd_xbar_demux_001"
Info: cmd_xbar_mux: "nios_system" instantiated altera_merlin_multiplexer "cmd_xbar_mux"
Info: rsp_xbar_demux: "nios_system" instantiated altera_merlin_demultiplexer "rsp_xbar_demux"
Info: rsp_xbar_demux_004: "nios_system" instantiated altera_merlin_demultiplexer "rsp_xbar_demux_004"
Info: rsp_xbar_mux: "nios_system" instantiated altera_merlin_multiplexer "rsp_xbar_mux"
Info: Reusing file /home/student/Desktop/H4/nios_system/synthesis/submodules/altera_merlin_arbitrator.sv
Info: rsp_xbar_mux_001: "nios_system" instantiated altera_merlin_multiplexer "rsp_xbar_mux_001"
Info: Reusing file /home/student/Desktop/H4/nios_system/synthesis/submodules/altera_merlin_arbitrator.sv
Info: width_adapter: "nios_system" instantiated altera_merlin_width_adapter "width_adapter"
Info: Reusing file /home/student/Desktop/H4/nios_system/synthesis/submodules/altera_merlin_address_alignment.sv
Info: Reusing file /home/student/Desktop/H4/nios_system/synthesis/submodules/altera_merlin_burst_uncompressor.sv
Info: irq_mapper: "nios_system" instantiated altera_irq_mapper "irq_mapper"
Info: nios_system: Done nios_system" with 37 modules, 210 files, 4414275 bytes
Info: ip-generate succeeded.
Info: Finished: Create HDL design files for synthesis
